10/06/2022 09:16:29 [23289] no Content-Length
10/06/2022 09:16:29 [23289] no Content-Length
10/06/2022 09:16:29 [23289] 0|"|À]
Ø10/06/2022 09:16:29 [23286] select: Interrupted system call
10/06/2022 09:16:29 [23286] select: Interrupted system call
10/06/2022 09:18:07 [24917] begin cleanup linux...
10/06/2022 09:18:07 [24917] clean up route...
10/06/2022 09:18:07 [24917] truncate pppd.log
10/06/2022 09:18:07 [24917] truncate forticlientsslvpn.log
10/06/2022 09:18:07 [23286] FortiClient SSLVPN[4.0.2328] stopped
10/06/2022 09:19:35 [26422] set the loglevel to 1
10/06/2022 09:19:35 [26485] set the loglevel to 1
10/06/2022 09:19:35 [26485] sslvpn connection version:4.0.2328
10/06/2022 09:19:35 [26485] rcv cmd:0 at state[0]
10/06/2022 09:19:35 [26485] starting ssl vpn tunnel[4.0.2328]
10/06/2022 09:19:35 [26487] route backup START
10/06/2022 09:19:35 [26487] route backup DONE
10/06/2022 09:19:35 [26488] execl /home/jcarlis/VPN/./forticlientsslvpn/64bit/helper/get_fortisslvpn_info /home/jcarlis/VPN/./forticlientsslvpn/64bit/helper vpn1.ad-cap.com.ar 11443   ...
10/06/2022 09:19:35 [26488] trusted CA dir: /home/jcarlis/.fctsslvpn_trustca
10/06/2022 09:19:35 [26488] set loglevel to 1
10/06/2022 09:19:35 [26488] Peer's certificate is not valid. action is 1
10/06/2022 09:19:35 [26488] peer's certificate: 
Certificate:$    Data:$        Version: 3 (0x2)$        Serial Number:$            3e:a1:dd:5e:fc:5f:21:70:fa:11:99:41:cc:fb:37:4f$    Signature Algorithm: sha256WithRSAEncryption$        Issuer: C=GB, ST=Greater Manchester, L=Salford, O=Sectigo Limited, CN=Sectigo RSA Domain Validation Secure Server CA$        Validity$            Not Before: Sep 12 00:00:00 2022 GMT$            Not After : Aug 26 23:59:59 2023 GMT$        Subject: CN=*.ad-cap.com.ar$        Subject Public Key Info:$            Public Key Algorithm: rsaEncryption$                Public-Key: (2048 bit)$                Modulus:$                    00:ee:53:26:e7:3b:01:00:3f:09:6d:31:c8:ba:42:$                    5e:e0:45:cd:cd:89:5a:7b:3d:9b:b0:06:3c:8c:c8:$                    09:90:e8:03:da:6b:35:f6:8a:4c:55:09:fa:cb:a2:$                    85:d3:9c:a5:f8:9e:1b:7f:70:26:13:64:18:67:06:$                    72:fe:4d:bf:80:e6:02:20:a2:17:bc:8f:45:9b:28:$                    6b:40:af:53:51:c6:d9:16:6e:86:fe:f7:1c:fc:39:$                    32:af:3f:40:dc:d8:23:2a:4f:53:f8:61:33:29:dc:$                    0e:a7:06:8f:28:10:ca:98:d5:ba:c7:dd:39:13:b4:$                    35:9e:6c:9a:ea:ab:2b:05:22:a3:d7:6b:d4:76:74:$                    7d:24:2e:ba:99:9d:53:4a:22:ee:e3:83:01:b7:5c:$                    5e:7c:47:94:98:40:e3:33:cc:99:83:a1:76:7c:59:$                    1f:e5:8d:3c:a8:33:1c:05:31:9b:91:84:82:62:3d:$                    d2:e5:46:cc:6a:84:8d:b2:94:15:82:13:68:68:ca:$                    72:fe:e4:de:ef:30:5c:ba:3a:81:c3:0a:06:da:9d:$                    05:b9:18:29:c7:23:b0:18:73:70:a1:5b:73:79:bd:$                    26:54:d1:c9:ee:92:70:8e:5e:17:11:93:7c:60:03:$                    cf:98:ec:69:4f:05:8b:64:25:e5:96:b7:93:48:a1:$                    e4:63$                Exponent: 65537 (0x10001)$        X509v3 extensions:$            X509v3 Authority Key Identifier: $                keyid:8D:8C:5E:C4:54:AD:8A:E1:77:E9:9B:F9:9B:05:E1:B8:01:8D:61:E1$$            X509v3 Subject Key Identifier: $                1B:6B:B9:92:5A:10:25:6A:35:D5:24:68:13:20:6F:E5:0F:0D:C5:19$            X509v3 Key Usage: critical$                Digital Signature, Key Encipherment$            X509v3 Basic Constraints: critical$                CA:FALSE$            X509v3 Extended Key Usage: $                TLS Web Server Authentication, TLS Web Client Authentication$            X509v3 Certificate Policies: $                Policy: 1.3.6.1.4.1.6449.1.2.2.7$                  CPS: https://sectigo.com/CPS$                Policy: 2.23.140.1.2.1$$            Authority Information Access: $                CA Issuers - URI:http://crt.sectigo.com/SectigoRSADomainValidationSecureServerCA.crt$                OCSP - URI:http://ocsp.sectigo.com$$            X509v3 Subject Alternative Name: $                DNS:*.ad-cap.com.ar, DNS:ad-cap.com.ar$            CT Precertificate SCTs: $                Signed Certificate Timestamp:$                    Version   : v1(0)$                    Log ID    : AD:F7:BE:FA:7C:FF:10:C8:8B:9D:3D:9C:1E:3E:18:6A:$                                B4:67:29:5D:CF:B1:0C:24:CA:85:86:34:EB:DC:82:8A$                    Timestamp : Sep 12 14:16:25.082 2022 GMT$                    Extensions: none$                    Signature : ecdsa-with-SHA256$                                30:44:02:20:67:90:8F:AD:2D:DF:78:C9:64:24:60:5D:$                                D7:15:70:B8:93:51:78:E2:F3:60:EF:08:93:F3:0B:BB:$                                8D:EF:9D:CA:02:20:6C:FB:5E:C5:A7:4D:E7:9E:C4:7E:$                                B8:7E:00:4C:4D:E2:6E:BD:DE:63:B5:08:BC:32:32:A3:$                                2D:FD:67:F4:72:BF$                Signed Certificate Timestamp:$                    Version   : v1(0)$                    Log ID    : 7A:32:8C:54:D8:B7:2D:B6:20:EA:38:E0:52:1E:E9:84:$                                16:70:32:13:85:4D:3B:D2:2B:C1:3A:57:A3:52:EB:52$                    Timestamp : Sep 12 14:16:25.030 2022 GMT$                    Extensions: none$                    Signature : ecdsa-with-SHA256$                                30:45:02:21:00:8B:E9:22:05:C6:4D:1E:8E:C2:DE:F1:$                                DB:5C:14:D1:75:BF:51:9F:EA:39:D4:CD:03:17:20:50:$                                2C:B5:F5:5F:AE:02:20:6D:5B:67:B2:B3:99:E7:FF:0A:$                                7F:F3:7C:0F:69:70:4B:17:F4:D4:9E:62:EF:1F:56:3E:$                                64:00:9A:FC:2D:83:7C$                Signed Certificate Timestamp:$                    Version   : v1(0)$                    Log ID    : E8:3E:D0:DA:3E:F5:06:35:32:E7:57:28:BC:89:6B:C9:$                                03:D3:CB:D1:11:6B:EC:EB:69:E1:77:7D:6D:06:BD:6E$                    Timestamp : Sep 12 14:16:24.976 2022 GMT$                    Extensions: none$                    Signature : ecdsa-with-SHA256$                                30:45:02:21:00:A1:8C:43:4C:B2:B8:C2:0E:C5:63:33:$                                83:31:6C:6F:09:90:34:FB:0A:F1:7C:71:54:17:E0:FA:$                                1D:23:06:2A:41:02:20:5E:46:42:50:3A:42:16:30:72:$                                17:ED:46:27:82:FF:A1:DE:A4:6B:44:46:4C:1D:6F:A4:$                                59:54:C8:1E:AB:40:B8$    Signature Algorithm: sha256WithRSAEncryption$         8a:a5:c7:f1:b8:0b:2a:08:de:c2:15:5c:1e:31:1e:02:cd:aa:$         11:78:05:b6:bf:e1:ae:73:af:52:09:14:dc:87:66:6a:66:a3:$         c5:bb:62:41:f3:85:4c:ac:8a:2c:eb:a8:01:66:22:07:c1:3e:$         48:74:f4:04:6d:70:41:30:a8:ec:1b:a3:d4:dc:27:cd:1d:ba:$         80:55:a2:28:2f:ea:1f:15:c3:9d:81:d4:68:3d:b4:e3:ba:19:$         a6:f3:51:1b:22:b5:6e:8d:34:dd:bf:72:8d:62:98:18:d0:10:$         c0:9b:69:33:2c:27:36:3e:3a:2b:3f:c5:b5:fd:49:a4:91:ae:$         c5:86:f7:27:69:60:70:42:5f:1b:e1:ad:7f:60:1c:33:5c:bb:$         77:40:51:75:86:b0:ab:32:f6:51:60:12:41:8b:ce:ea:39:61:$         6d:93:1f:9b:58:42:bd:cd:ff:12:b8:92:60:b6:9c:0d:8c:fb:$         f6:37:aa:63:e7:83:1b:86:19:76:44:01:9e:e4:66:1e:ad:00:$         98:90:37:94:6e:ad:82:e5:5e:3b:d0:a0:d0:09:fa:5f:b4:4a:$         1b:07:ab:59:32:e9:5e:a1:9f:60:51:54:c5:70:0c:d3:78:4f:$         0b:f2:41:7a:74:7d:0b:5d:5b:a7:f3:6f:ff:79:dc:5c:89:f6:$         d3:e0:65:a2$
10/06/2022 09:19:36 [26488] realm is enabled: 
10/06/2022 09:19:36 [26488] no Content-Length
10/06/2022 09:19:36 [26488] try to get cookie for the first time: 98 :  SVPNNETWORKCOOKIE=; path=/remote/network; expires=Sun, 11 Mar 1984 12:00:00 GMT; secure; httponly
10/06/2022 09:19:36 [26488] no Content-Length
10/06/2022 09:19:36 [26488] cookie: SVPNCOOKIE=v05QiGkVSOPs/Vitewf5VCsrdseM97Z1CNs6H81y5wepY9a4isHPdmcruZS01feJOwgQ7xV3rZqr/JUwnZT0WKPOBqa0gL5ejKYpwFa8uEZQqLHdOPOS6Cy95/xtKtBEA6Myq57WpF4KxfShQWOGKdmgpI6yPUHHNwFbCMfUjZrKQnd1SoA4MMQJuwU78R92Jrp1yMv4pQX7I4yZdiryJmqdeJRdxvF8Cgz7aGO7gRB5G3YW331rJdVs61+F/Zg9dFDysoSVN/yQPyi+zXYrAYrW1bRpHWULpoQQQ9nuq1gj
10/06/2022 09:19:36 [26488] no Content-Length
10/06/2022 09:19:36 [26488] no Content-Length
10/06/2022 09:19:36 [26488] 0|"||1||v05QiGkVSOPs/Vitewf5VCsrdseM97Z1CNs6H81y5wepY9a4isHPdmcruZS01feJOwgQ7xV3rZqr/JUwnZT0WKPOBqa0gL5ejKYpwFa8uEZQqLHdOPOS6Cy95/xtKtBEA6Myq57WpF4KxfShQWOGKdmgpI6yPUHHNwFbCMfUjZrKQnd1SoA4MMQJuwU78R92Jrp1yMv4pQX7I4yZdiryJmqdeJRdxvF8Cgz7aGO7gRB5G3YW331rJdVs61+F/Zg9dFDysoSVN/yQPyi+zXYrAYrW1bRpHWULpoQQQ9nuq1gj|0
10/06/2022 09:19:36 [26485] ssl vpn tunnel started
10/06/2022 09:19:36 [26485] rcv cmd:0 at state[1]
10/06/2022 09:19:36 [26490] server="[vpn1.ad-cap.com.ar] port=1[11443] version=v05QiGkVSOPs/Vitewf5VCsrdseM97Z1CNs6H81y5wepY9a4isHPdmcruZS01feJOwgQ7xV3rZqr/JUwnZT0WKPOBqa0gL5ejKYpwFa8uEZQqLHdOPOS6Cy95/xtKtBEA6Myq57WpF4KxfShQWOGKdmgpI6yPUHHNwFbCMfUjZrKQnd1SoA4MMQJuwU78R92Jrp1yMv4pQX7I4yZdiryJmqdeJRdxvF8Cgz7aGO7gRB5G3YW331rJdVs61+F/Zg9dFDysoSVN/yQPyi+zXYrAYrW1bRpHWULpoQQQ9nuq1gj tunnel=0 cookie=(null) exclusive routing: (null)

10/06/2022 09:19:36 [26490] starting pppd
10/06/2022 09:19:36 [26490] use tty:/dev/pts/3
10/06/2022 09:19:36 [26490] connecting to vpn1.ad-cap.com.ar:11443
10/06/2022 09:19:36 [26490] [xml config]: GET /remote/fortisslvpn_xml ... (received 637 bytes): 
HTTP/1.1 302 Found
Date: Thu, 06 Oct 2022 12:19:37 GMT
Server: xxxxxxxx-xxxxx
Set-Cookie:  SVPNCOOKIE=; path=/; expires=Sun, 11 Mar 1984 12:00:00 GMT; secure; httponly;
Set-Cookie: SVPNNETWORKCOOKIE=; path=/remote/network; expires=Sun, 11 Mar 1984 12:00:00 GMT; secure; httponly
Location: /remote/login
Transfer-Encoding: chunked
Content-Type: text/plain
X-Frame-Options: SAMEORIGIN
Content-Security-Policy: frame-ancestors 'self'; object-src 'self'; script-src 'self' https   'unsafe-eval' 'unsafe-inline' blob:;
X-XSS-Protection: 1; mode=block
X-Content-Type-Options: nosniff
Strict-Transport-Security: max-age=31536000


----

10/06/2022 09:19:36 [26490] ssl read failed[error:00000005:lib(0):func(0):DH lib]:[Connection reset by peer]
10/06/2022 09:19:36 [26485] select: Interrupted system call
10/06/2022 09:19:36 [26485] rcv cmd:1 at state[1]
10/06/2022 09:19:36 [26485] stopping ssl vpn tunnel[v4.0.2328]
10/06/2022 09:19:36 [26485] kill_child:26490
10/06/2022 09:19:36 [26485] kill_child:26488
10/06/2022 09:19:36 [26490] killing pppd ...
10/06/2022 09:19:36 [26490] kill_child:26492
10/06/2022 09:19:36 [26488] signal rcved, logout now
10/06/2022 09:19:36 [26485] tunnel terminated
10/06/2022 09:19:36 [26497] begin cleanup linux...
10/06/2022 09:19:36 [26497] restore /etc/resolv.conf
10/06/2022 09:19:36 [26497] clean up route...
10/06/2022 09:19:36 [26497] truncate pppd.log
10/06/2022 09:19:36 [26497] truncate forticlientsslvpn.log
10/06/2022 09:19:36 [26485] ssl vpn tunnel stopped
10/06/2022 09:19:36 [26485] rcv cmd:2 at state[0]
10/06/2022 09:19:44 [26688] set the loglevel to 1
10/06/2022 09:19:44 [26690] set the loglevel to 1
10/06/2022 09:19:44 [26690] sslvpn connection version:4.0.2328
10/06/2022 09:19:44 [26690] rcv cmd:0 at state[0]
10/06/2022 09:19:44 [26690] starting ssl vpn tunnel[4.0.2328]
10/06/2022 09:19:44 [26692] route backup START
10/06/2022 09:19:44 [26692] route backup DONE
10/06/2022 09:19:44 [26693] execl /home/jcarlis/VPN/./forticlientsslvpn/64bit/helper/get_fortisslvpn_info /home/jcarlis/VPN/./forticlientsslvpn/64bit/helper vpn1.ad-cap.com.ar 11443   ...
10/06/2022 09:19:44 [26693] trusted CA dir: /home/jcarlis/.fctsslvpn_trustca
10/06/2022 09:19:44 [26693] set loglevel to 1
10/06/2022 09:19:44 [26693] Peer's certificate is not valid. action is 1
10/06/2022 09:19:44 [26693] peer's certificate: 
Certificate:$    Data:$        Version: 3 (0x2)$        Serial Number:$            3e:a1:dd:5e:fc:5f:21:70:fa:11:99:41:cc:fb:37:4f$    Signature Algorithm: sha256WithRSAEncryption$        Issuer: C=GB, ST=Greater Manchester, L=Salford, O=Sectigo Limited, CN=Sectigo RSA Domain Validation Secure Server CA$        Validity$            Not Before: Sep 12 00:00:00 2022 GMT$            Not After : Aug 26 23:59:59 2023 GMT$        Subject: CN=*.ad-cap.com.ar$        Subject Public Key Info:$            Public Key Algorithm: rsaEncryption$                Public-Key: (2048 bit)$                Modulus:$                    00:ee:53:26:e7:3b:01:00:3f:09:6d:31:c8:ba:42:$                    5e:e0:45:cd:cd:89:5a:7b:3d:9b:b0:06:3c:8c:c8:$                    09:90:e8:03:da:6b:35:f6:8a:4c:55:09:fa:cb:a2:$                    85:d3:9c:a5:f8:9e:1b:7f:70:26:13:64:18:67:06:$                    72:fe:4d:bf:80:e6:02:20:a2:17:bc:8f:45:9b:28:$                    6b:40:af:53:51:c6:d9:16:6e:86:fe:f7:1c:fc:39:$                    32:af:3f:40:dc:d8:23:2a:4f:53:f8:61:33:29:dc:$                    0e:a7:06:8f:28:10:ca:98:d5:ba:c7:dd:39:13:b4:$                    35:9e:6c:9a:ea:ab:2b:05:22:a3:d7:6b:d4:76:74:$                    7d:24:2e:ba:99:9d:53:4a:22:ee:e3:83:01:b7:5c:$                    5e:7c:47:94:98:40:e3:33:cc:99:83:a1:76:7c:59:$                    1f:e5:8d:3c:a8:33:1c:05:31:9b:91:84:82:62:3d:$                    d2:e5:46:cc:6a:84:8d:b2:94:15:82:13:68:68:ca:$                    72:fe:e4:de:ef:30:5c:ba:3a:81:c3:0a:06:da:9d:$                    05:b9:18:29:c7:23:b0:18:73:70:a1:5b:73:79:bd:$                    26:54:d1:c9:ee:92:70:8e:5e:17:11:93:7c:60:03:$                    cf:98:ec:69:4f:05:8b:64:25:e5:96:b7:93:48:a1:$                    e4:63$                Exponent: 65537 (0x10001)$        X509v3 extensions:$            X509v3 Authority Key Identifier: $                keyid:8D:8C:5E:C4:54:AD:8A:E1:77:E9:9B:F9:9B:05:E1:B8:01:8D:61:E1$$            X509v3 Subject Key Identifier: $                1B:6B:B9:92:5A:10:25:6A:35:D5:24:68:13:20:6F:E5:0F:0D:C5:19$            X509v3 Key Usage: critical$                Digital Signature, Key Encipherment$            X509v3 Basic Constraints: critical$                CA:FALSE$            X509v3 Extended Key Usage: $                TLS Web Server Authentication, TLS Web Client Authentication$            X509v3 Certificate Policies: $                Policy: 1.3.6.1.4.1.6449.1.2.2.7$                  CPS: https://sectigo.com/CPS$                Policy: 2.23.140.1.2.1$$            Authority Information Access: $                CA Issuers - URI:http://crt.sectigo.com/SectigoRSADomainValidationSecureServerCA.crt$                OCSP - URI:http://ocsp.sectigo.com$$            X509v3 Subject Alternative Name: $                DNS:*.ad-cap.com.ar, DNS:ad-cap.com.ar$            CT Precertificate SCTs: $                Signed Certificate Timestamp:$                    Version   : v1(0)$                    Log ID    : AD:F7:BE:FA:7C:FF:10:C8:8B:9D:3D:9C:1E:3E:18:6A:$                                B4:67:29:5D:CF:B1:0C:24:CA:85:86:34:EB:DC:82:8A$                    Timestamp : Sep 12 14:16:25.082 2022 GMT$                    Extensions: none$                    Signature : ecdsa-with-SHA256$                                30:44:02:20:67:90:8F:AD:2D:DF:78:C9:64:24:60:5D:$                                D7:15:70:B8:93:51:78:E2:F3:60:EF:08:93:F3:0B:BB:$                                8D:EF:9D:CA:02:20:6C:FB:5E:C5:A7:4D:E7:9E:C4:7E:$                                B8:7E:00:4C:4D:E2:6E:BD:DE:63:B5:08:BC:32:32:A3:$                                2D:FD:67:F4:72:BF$                Signed Certificate Timestamp:$                    Version   : v1(0)$                    Log ID    : 7A:32:8C:54:D8:B7:2D:B6:20:EA:38:E0:52:1E:E9:84:$                                16:70:32:13:85:4D:3B:D2:2B:C1:3A:57:A3:52:EB:52$                    Timestamp : Sep 12 14:16:25.030 2022 GMT$                    Extensions: none$                    Signature : ecdsa-with-SHA256$                                30:45:02:21:00:8B:E9:22:05:C6:4D:1E:8E:C2:DE:F1:$                                DB:5C:14:D1:75:BF:51:9F:EA:39:D4:CD:03:17:20:50:$                                2C:B5:F5:5F:AE:02:20:6D:5B:67:B2:B3:99:E7:FF:0A:$                                7F:F3:7C:0F:69:70:4B:17:F4:D4:9E:62:EF:1F:56:3E:$                                64:00:9A:FC:2D:83:7C$                Signed Certificate Timestamp:$                    Version   : v1(0)$                    Log ID    : E8:3E:D0:DA:3E:F5:06:35:32:E7:57:28:BC:89:6B:C9:$                                03:D3:CB:D1:11:6B:EC:EB:69:E1:77:7D:6D:06:BD:6E$                    Timestamp : Sep 12 14:16:24.976 2022 GMT$                    Extensions: none$                    Signature : ecdsa-with-SHA256$                                30:45:02:21:00:A1:8C:43:4C:B2:B8:C2:0E:C5:63:33:$                                83:31:6C:6F:09:90:34:FB:0A:F1:7C:71:54:17:E0:FA:$                                1D:23:06:2A:41:02:20:5E:46:42:50:3A:42:16:30:72:$                                17:ED:46:27:82:FF:A1:DE:A4:6B:44:46:4C:1D:6F:A4:$                                59:54:C8:1E:AB:40:B8$    Signature Algorithm: sha256WithRSAEncryption$         8a:a5:c7:f1:b8:0b:2a:08:de:c2:15:5c:1e:31:1e:02:cd:aa:$         11:78:05:b6:bf:e1:ae:73:af:52:09:14:dc:87:66:6a:66:a3:$         c5:bb:62:41:f3:85:4c:ac:8a:2c:eb:a8:01:66:22:07:c1:3e:$         48:74:f4:04:6d:70:41:30:a8:ec:1b:a3:d4:dc:27:cd:1d:ba:$         80:55:a2:28:2f:ea:1f:15:c3:9d:81:d4:68:3d:b4:e3:ba:19:$         a6:f3:51:1b:22:b5:6e:8d:34:dd:bf:72:8d:62:98:18:d0:10:$         c0:9b:69:33:2c:27:36:3e:3a:2b:3f:c5:b5:fd:49:a4:91:ae:$         c5:86:f7:27:69:60:70:42:5f:1b:e1:ad:7f:60:1c:33:5c:bb:$         77:40:51:75:86:b0:ab:32:f6:51:60:12:41:8b:ce:ea:39:61:$         6d:93:1f:9b:58:42:bd:cd:ff:12:b8:92:60:b6:9c:0d:8c:fb:$         f6:37:aa:63:e7:83:1b:86:19:76:44:01:9e:e4:66:1e:ad:00:$         98:90:37:94:6e:ad:82:e5:5e:3b:d0:a0:d0:09:fa:5f:b4:4a:$         1b:07:ab:59:32:e9:5e:a1:9f:60:51:54:c5:70:0c:d3:78:4f:$         0b:f2:41:7a:74:7d:0b:5d:5b:a7:f3:6f:ff:79:dc:5c:89:f6:$         d3:e0:65:a2$
10/06/2022 09:19:45 [26693] realm is enabled: 
10/06/2022 09:19:45 [26693] no Content-Length
10/06/2022 09:19:45 [26693] try to get cookie for the first time: 98 :  SVPNNETWORKCOOKIE=; path=/remote/network; expires=Sun, 11 Mar 1984 12:00:00 GMT; secure; httponly
10/06/2022 09:19:45 [26693] no Content-Length
10/06/2022 09:19:45 [26693] cookie: SVPNCOOKIE=RyGx0JuDC7jaLTbAD2eNKG8jib+i+kerG/yRfkyErZ5ueMfKs9Jy8JsqUmqUGAp23h7e3kvvUvIMKEaerhqLGZMCnKmuNx50QdEq9b6BEX9AyV4RP/BUk8R3ePR8iCxPOYfWoiXcn2eNI5CDTGjJPZynJkvRntKtKaH9X0GaPd2THCt+WjbFu7tjCEX1rScmvzNrf2ELa4b9WiqWxuY43Yb7yyi8kGObzt9i15+DGs3eNbZNF6Gaei5+xU10TsRzCznP7mpsM2ebQpW6jF2/chCzvx6pAnpwz5EZDQZ9OBve6k8UeKj+Xu+pi78hz3tAjwCYbZT5
10/06/2022 09:19:45 [26693] no Content-Length
10/06/2022 09:19:45 [26693] no Content-Length
10/06/2022 09:19:45 [26693] 0|"|0…wý|1||RyGx0JuDC7jaLTbAD2eNKG8jib+i+kerG/yRfkyErZ5ueMfKs9Jy8JsqUmqUGAp23h7e3kvvUvIMKEaerhqLGZMCnKmuNx50QdEq9b6BEX9AyV4RP/BUk8R3ePR8iCxPOYfWoiXcn2eNI5CDTGjJPZynJkvRntKtKaH9X0GaPd2THCt+WjbFu7tjCEX1rScmvzNrf2ELa4b9WiqWxuY43Yb7yyi8kGObzt9i15+DGs3eNbZNF6Gaei5+xU10TsRzCznP7mpsM2ebQpW6jF2/chCzvx6pAnpwz5EZDQZ9OBve6k8UeKj+Xu+pi78hz3tAjwCYbZT5|0
10/06/2022 09:19:45 [26690] ssl vpn tunnel started
10/06/2022 09:19:45 [26690] rcv cmd:0 at state[1]
10/06/2022 09:19:45 [26695] server="[vpn1.ad-cap.com.ar] port=0…wý[11443] version=1 tunnel= cookie=RyGx0JuDC7jaLTbAD2eNKG8jib+i+kerG/yRfkyErZ5ueMfKs9Jy8JsqUmqUGAp23h7e3kvvUvIMKEaerhqLGZMCnKmuNx50QdEq9b6BEX9AyV4RP/BUk8R3ePR8iCxPOYfWoiXcn2eNI5CDTGjJPZynJkvRntKtKaH9X0GaPd2THCt+WjbFu7tjCEX1rScmvzNrf2ELa4b9WiqWxuY43Yb7yyi8kGObzt9i15+DGs3eNbZNF6Gaei5+xU10TsRzCznP7mpsM2ebQpW6jF2/chCzvx6pAnpwz5EZDQZ9OBve6k8UeKj+Xu+pi78hz3tAjwCYbZT5 exclusive routing: 0

10/06/2022 09:19:45 [26695] starting pppd
10/06/2022 09:19:45 [26695] use tty:/dev/pts/3
10/06/2022 09:19:45 [26695] connecting to vpn1.ad-cap.com.ar:11443
10/06/2022 09:19:45 [26695] [xml config]: GET /remote/fortisslvpn_xml ... (received 1060 bytes): 
HTTP/1.1 200 OK
Date: Thu, 06 Oct 2022 12:19:46 GMT
Server: xxxxxxxx-xxxxx
Transfer-Encoding: chunked
Content-Type: text/xml
X-Frame-Options: SAMEORIGIN
Content-Security-Policy: frame-ancestors 'self'; object-src 'self'; script-src 'self' https   'unsafe-eval' 'unsafe-inline' blob:;
X-XSS-Protection: 1; mode=block
X-Content-Type-Options: nosniff
Strict-Transport-Security: max-age=31536000

<?xml version='1.0' encoding='utf-8'?><sslvpn-tunnel ver='2' dtls='1' patch='1'><dtls-config heartbeat-interval='10' heartbeat-fail-count='10' heartbeat-idle-timeout='10' client-hello-timeout='10' /><tunnel-method value='ppp' /><tunnel-method value='tun' /><auth-ses check-src-ip='1' tun-connect-without-reauth='0' tun-user-ses-timeout='30' /><client-config save-password='off' keep-alive='off' auto-connect='off' /><ipv4><dns domain='advanced.local' /><dns ip='10.58.3.16' /><dns ip='8.8.8.8' /><wins ip='10.58.3.16' /><wins ip='8.8.8.8' /><assigned-addr ipv4='10.212.130.52' /></ipv4><idle-timeout val='600' /><auth-timeout val='28800' /></sslvpn-tunnel>
----

10/06/2022 09:19:46 [26695] Got local address from ppp, interface will be  up
10/06/2022 09:19:48 [26695] ppp interface is up
10/06/2022 09:19:48 [26695] run_scutil 190.210.20.161 0 0...
Generating pppd.resolv.conf...Done
10/06/2022 09:19:49 [26896] begin sysconfig linux
10/06/2022 09:19:49 [26896] delete route 1.1.1.1
10/06/2022 09:19:49 [26896] Add the route for 190.210.20.161(172.23.176.1)
10/06/2022 09:19:49 [26896] router add default gw 10.212.130.52
10/06/2022 11:31:05 [26690] kill_child:26695
10/06/2022 11:31:05 [26690] kill_child:26693
10/06/2022 11:31:05 [26695] killing pppd ...
10/06/2022 11:31:05 [26693] signal rcved, logout now
10/06/2022 11:31:05 [26695] kill_child:26697
10/06/2022 11:31:05 [26695] kill_child:26896
10/06/2022 11:31:05 [30726] begin cleanup linux...
10/06/2022 11:31:05 [30726] restore /etc/resolv.conf
10/06/2022 11:31:05 [30726] clean up route...
10/06/2022 11:31:05 [30726] truncate pppd.log
10/06/2022 11:31:05 [30726] truncate forticlientsslvpn.log
10/06/2022 11:31:05 [26690] FortiClient SSLVPN[4.0.2328] stopped
10/06/2022 11:40:20 [790] set the loglevel to 1
10/06/2022 11:40:20 [853] set the loglevel to 1
10/06/2022 11:40:20 [853] sslvpn connection version:4.0.2328
10/06/2022 11:40:20 [853] rcv cmd:0 at state[0]
10/06/2022 11:40:20 [853] starting ssl vpn tunnel[4.0.2328]
10/06/2022 11:40:20 [855] route backup START
10/06/2022 11:40:20 [855] route backup DONE
10/06/2022 11:40:20 [856] execl /home/jcarlis/VPN/./forticlientsslvpn/64bit/helper/get_fortisslvpn_info /home/jcarlis/VPN/./forticlientsslvpn/64bit/helper vpn1.ad-cap.com.ar 11443   ...
10/06/2022 11:40:20 [856] trusted CA dir: /home/jcarlis/.fctsslvpn_trustca
10/06/2022 11:40:20 [856] set loglevel to 1
10/06/2022 11:40:20 [856] Peer's certificate is not valid. action is 1
10/06/2022 11:40:20 [856] peer's certificate: 
Certificate:$    Data:$        Version: 3 (0x2)$        Serial Number:$            3e:a1:dd:5e:fc:5f:21:70:fa:11:99:41:cc:fb:37:4f$    Signature Algorithm: sha256WithRSAEncryption$        Issuer: C=GB, ST=Greater Manchester, L=Salford, O=Sectigo Limited, CN=Sectigo RSA Domain Validation Secure Server CA$        Validity$            Not Before: Sep 12 00:00:00 2022 GMT$            Not After : Aug 26 23:59:59 2023 GMT$        Subject: CN=*.ad-cap.com.ar$        Subject Public Key Info:$            Public Key Algorithm: rsaEncryption$                Public-Key: (2048 bit)$                Modulus:$                    00:ee:53:26:e7:3b:01:00:3f:09:6d:31:c8:ba:42:$                    5e:e0:45:cd:cd:89:5a:7b:3d:9b:b0:06:3c:8c:c8:$                    09:90:e8:03:da:6b:35:f6:8a:4c:55:09:fa:cb:a2:$                    85:d3:9c:a5:f8:9e:1b:7f:70:26:13:64:18:67:06:$                    72:fe:4d:bf:80:e6:02:20:a2:17:bc:8f:45:9b:28:$                    6b:40:af:53:51:c6:d9:16:6e:86:fe:f7:1c:fc:39:$                    32:af:3f:40:dc:d8:23:2a:4f:53:f8:61:33:29:dc:$                    0e:a7:06:8f:28:10:ca:98:d5:ba:c7:dd:39:13:b4:$                    35:9e:6c:9a:ea:ab:2b:05:22:a3:d7:6b:d4:76:74:$                    7d:24:2e:ba:99:9d:53:4a:22:ee:e3:83:01:b7:5c:$                    5e:7c:47:94:98:40:e3:33:cc:99:83:a1:76:7c:59:$                    1f:e5:8d:3c:a8:33:1c:05:31:9b:91:84:82:62:3d:$                    d2:e5:46:cc:6a:84:8d:b2:94:15:82:13:68:68:ca:$                    72:fe:e4:de:ef:30:5c:ba:3a:81:c3:0a:06:da:9d:$                    05:b9:18:29:c7:23:b0:18:73:70:a1:5b:73:79:bd:$                    26:54:d1:c9:ee:92:70:8e:5e:17:11:93:7c:60:03:$                    cf:98:ec:69:4f:05:8b:64:25:e5:96:b7:93:48:a1:$                    e4:63$                Exponent: 65537 (0x10001)$        X509v3 extensions:$            X509v3 Authority Key Identifier: $                keyid:8D:8C:5E:C4:54:AD:8A:E1:77:E9:9B:F9:9B:05:E1:B8:01:8D:61:E1$$            X509v3 Subject Key Identifier: $                1B:6B:B9:92:5A:10:25:6A:35:D5:24:68:13:20:6F:E5:0F:0D:C5:19$            X509v3 Key Usage: critical$                Digital Signature, Key Encipherment$            X509v3 Basic Constraints: critical$                CA:FALSE$            X509v3 Extended Key Usage: $                TLS Web Server Authentication, TLS Web Client Authentication$            X509v3 Certificate Policies: $                Policy: 1.3.6.1.4.1.6449.1.2.2.7$                  CPS: https://sectigo.com/CPS$                Policy: 2.23.140.1.2.1$$            Authority Information Access: $                CA Issuers - URI:http://crt.sectigo.com/SectigoRSADomainValidationSecureServerCA.crt$                OCSP - URI:http://ocsp.sectigo.com$$            X509v3 Subject Alternative Name: $                DNS:*.ad-cap.com.ar, DNS:ad-cap.com.ar$            CT Precertificate SCTs: $                Signed Certificate Timestamp:$                    Version   : v1(0)$                    Log ID    : AD:F7:BE:FA:7C:FF:10:C8:8B:9D:3D:9C:1E:3E:18:6A:$                                B4:67:29:5D:CF:B1:0C:24:CA:85:86:34:EB:DC:82:8A$                    Timestamp : Sep 12 14:16:25.082 2022 GMT$                    Extensions: none$                    Signature : ecdsa-with-SHA256$                                30:44:02:20:67:90:8F:AD:2D:DF:78:C9:64:24:60:5D:$                                D7:15:70:B8:93:51:78:E2:F3:60:EF:08:93:F3:0B:BB:$                                8D:EF:9D:CA:02:20:6C:FB:5E:C5:A7:4D:E7:9E:C4:7E:$                                B8:7E:00:4C:4D:E2:6E:BD:DE:63:B5:08:BC:32:32:A3:$                                2D:FD:67:F4:72:BF$                Signed Certificate Timestamp:$                    Version   : v1(0)$                    Log ID    : 7A:32:8C:54:D8:B7:2D:B6:20:EA:38:E0:52:1E:E9:84:$                                16:70:32:13:85:4D:3B:D2:2B:C1:3A:57:A3:52:EB:52$                    Timestamp : Sep 12 14:16:25.030 2022 GMT$                    Extensions: none$                    Signature : ecdsa-with-SHA256$                                30:45:02:21:00:8B:E9:22:05:C6:4D:1E:8E:C2:DE:F1:$                                DB:5C:14:D1:75:BF:51:9F:EA:39:D4:CD:03:17:20:50:$                                2C:B5:F5:5F:AE:02:20:6D:5B:67:B2:B3:99:E7:FF:0A:$                                7F:F3:7C:0F:69:70:4B:17:F4:D4:9E:62:EF:1F:56:3E:$                                64:00:9A:FC:2D:83:7C$                Signed Certificate Timestamp:$                    Version   : v1(0)$                    Log ID    : E8:3E:D0:DA:3E:F5:06:35:32:E7:57:28:BC:89:6B:C9:$                                03:D3:CB:D1:11:6B:EC:EB:69:E1:77:7D:6D:06:BD:6E$                    Timestamp : Sep 12 14:16:24.976 2022 GMT$                    Extensions: none$                    Signature : ecdsa-with-SHA256$                                30:45:02:21:00:A1:8C:43:4C:B2:B8:C2:0E:C5:63:33:$                                83:31:6C:6F:09:90:34:FB:0A:F1:7C:71:54:17:E0:FA:$                                1D:23:06:2A:41:02:20:5E:46:42:50:3A:42:16:30:72:$                                17:ED:46:27:82:FF:A1:DE:A4:6B:44:46:4C:1D:6F:A4:$                                59:54:C8:1E:AB:40:B8$    Signature Algorithm: sha256WithRSAEncryption$         8a:a5:c7:f1:b8:0b:2a:08:de:c2:15:5c:1e:31:1e:02:cd:aa:$         11:78:05:b6:bf:e1:ae:73:af:52:09:14:dc:87:66:6a:66:a3:$         c5:bb:62:41:f3:85:4c:ac:8a:2c:eb:a8:01:66:22:07:c1:3e:$         48:74:f4:04:6d:70:41:30:a8:ec:1b:a3:d4:dc:27:cd:1d:ba:$         80:55:a2:28:2f:ea:1f:15:c3:9d:81:d4:68:3d:b4:e3:ba:19:$         a6:f3:51:1b:22:b5:6e:8d:34:dd:bf:72:8d:62:98:18:d0:10:$         c0:9b:69:33:2c:27:36:3e:3a:2b:3f:c5:b5:fd:49:a4:91:ae:$         c5:86:f7:27:69:60:70:42:5f:1b:e1:ad:7f:60:1c:33:5c:bb:$         77:40:51:75:86:b0:ab:32:f6:51:60:12:41:8b:ce:ea:39:61:$         6d:93:1f:9b:58:42:bd:cd:ff:12:b8:92:60:b6:9c:0d:8c:fb:$         f6:37:aa:63:e7:83:1b:86:19:76:44:01:9e:e4:66:1e:ad:00:$         98:90:37:94:6e:ad:82:e5:5e:3b:d0:a0:d0:09:fa:5f:b4:4a:$         1b:07:ab:59:32:e9:5e:a1:9f:60:51:54:c5:70:0c:d3:78:4f:$         0b:f2:41:7a:74:7d:0b:5d:5b:a7:f3:6f:ff:79:dc:5c:89:f6:$         d3:e0:65:a2$
10/06/2022 11:40:21 [856] realm is enabled: 
10/06/2022 11:40:21 [856] no Content-Length
10/06/2022 11:40:21 [856] try to get cookie for the first time: 98 :  SVPNNETWORKCOOKIE=; path=/remote/network; expires=Sun, 11 Mar 1984 12:00:00 GMT; secure; httponly
10/06/2022 11:40:21 [856] no Content-Length
10/06/2022 11:40:21 [856] no SVPNCOOKIE found
10/06/2022 11:40:21 [853] rcv notice:1|Insufficient credential(s). Please check the password, client certificate, etc.
10/06/2022 11:40:21 [853] setup tunnel failed

10/06/2022 11:40:21 [853] kill_child:856
10/06/2022 11:40:21 [853] tunnel start failed
10/06/2022 11:40:21 [853] rcv cmd:0 at state[0]
10/06/2022 11:40:21 [853] starting ssl vpn tunnel[4.0.2328]
10/06/2022 11:40:21 [857] route backup START
10/06/2022 11:40:21 [858] begin cleanup linux...
10/06/2022 11:40:21 [857] route backup DONE
10/06/2022 11:40:21 [858] clean up route...
10/06/2022 11:40:21 [858] truncate pppd.log
10/06/2022 11:40:21 [860] execl /home/jcarlis/VPN/./forticlientsslvpn/64bit/helper/get_fortisslvpn_info /home/jcarlis/VPN/./forticlientsslvpn/64bit/helper vpn1.ad-cap.com.ar 11443   ...
10/06/2022 11:40:21 [860] trusted CA dir: /home/jcarlis/.fctsslvpn_trustca
10/06/2022 11:40:21 [860] set loglevel to 1
10/06/2022 11:40:21 [858] truncate forticlientsslvpn.log
10/06/2022 11:40:21 [856] FortiClient SSLVPN[4.0.2328] stopped
10/06/2022 11:40:22 [860] Peer's certificate is not valid. action is 1
10/06/2022 11:40:22 [860] peer's certificate: 
Certificate:$    Data:$        Version: 3 (0x2)$        Serial Number:$            3e:a1:dd:5e:fc:5f:21:70:fa:11:99:41:cc:fb:37:4f$    Signature Algorithm: sha256WithRSAEncryption$        Issuer: C=GB, ST=Greater Manchester, L=Salford, O=Sectigo Limited, CN=Sectigo RSA Domain Validation Secure Server CA$        Validity$            Not Before: Sep 12 00:00:00 2022 GMT$            Not After : Aug 26 23:59:59 2023 GMT$        Subject: CN=*.ad-cap.com.ar$        Subject Public Key Info:$            Public Key Algorithm: rsaEncryption$                Public-Key: (2048 bit)$                Modulus:$                    00:ee:53:26:e7:3b:01:00:3f:09:6d:31:c8:ba:42:$                    5e:e0:45:cd:cd:89:5a:7b:3d:9b:b0:06:3c:8c:c8:$                    09:90:e8:03:da:6b:35:f6:8a:4c:55:09:fa:cb:a2:$                    85:d3:9c:a5:f8:9e:1b:7f:70:26:13:64:18:67:06:$                    72:fe:4d:bf:80:e6:02:20:a2:17:bc:8f:45:9b:28:$                    6b:40:af:53:51:c6:d9:16:6e:86:fe:f7:1c:fc:39:$                    32:af:3f:40:dc:d8:23:2a:4f:53:f8:61:33:29:dc:$                    0e:a7:06:8f:28:10:ca:98:d5:ba:c7:dd:39:13:b4:$                    35:9e:6c:9a:ea:ab:2b:05:22:a3:d7:6b:d4:76:74:$                    7d:24:2e:ba:99:9d:53:4a:22:ee:e3:83:01:b7:5c:$                    5e:7c:47:94:98:40:e3:33:cc:99:83:a1:76:7c:59:$                    1f:e5:8d:3c:a8:33:1c:05:31:9b:91:84:82:62:3d:$                    d2:e5:46:cc:6a:84:8d:b2:94:15:82:13:68:68:ca:$                    72:fe:e4:de:ef:30:5c:ba:3a:81:c3:0a:06:da:9d:$                    05:b9:18:29:c7:23:b0:18:73:70:a1:5b:73:79:bd:$                    26:54:d1:c9:ee:92:70:8e:5e:17:11:93:7c:60:03:$                    cf:98:ec:69:4f:05:8b:64:25:e5:96:b7:93:48:a1:$                    e4:63$                Exponent: 65537 (0x10001)$        X509v3 extensions:$            X509v3 Authority Key Identifier: $                keyid:8D:8C:5E:C4:54:AD:8A:E1:77:E9:9B:F9:9B:05:E1:B8:01:8D:61:E1$$            X509v3 Subject Key Identifier: $                1B:6B:B9:92:5A:10:25:6A:35:D5:24:68:13:20:6F:E5:0F:0D:C5:19$            X509v3 Key Usage: critical$                Digital Signature, Key Encipherment$            X509v3 Basic Constraints: critical$                CA:FALSE$            X509v3 Extended Key Usage: $                TLS Web Server Authentication, TLS Web Client Authentication$            X509v3 Certificate Policies: $                Policy: 1.3.6.1.4.1.6449.1.2.2.7$                  CPS: https://sectigo.com/CPS$                Policy: 2.23.140.1.2.1$$            Authority Information Access: $                CA Issuers - URI:http://crt.sectigo.com/SectigoRSADomainValidationSecureServerCA.crt$                OCSP - URI:http://ocsp.sectigo.com$$            X509v3 Subject Alternative Name: $                DNS:*.ad-cap.com.ar, DNS:ad-cap.com.ar$            CT Precertificate SCTs: $                Signed Certificate Timestamp:$                    Version   : v1(0)$                    Log ID    : AD:F7:BE:FA:7C:FF:10:C8:8B:9D:3D:9C:1E:3E:18:6A:$                                B4:67:29:5D:CF:B1:0C:24:CA:85:86:34:EB:DC:82:8A$                    Timestamp : Sep 12 14:16:25.082 2022 GMT$                    Extensions: none$                    Signature : ecdsa-with-SHA256$                                30:44:02:20:67:90:8F:AD:2D:DF:78:C9:64:24:60:5D:$                                D7:15:70:B8:93:51:78:E2:F3:60:EF:08:93:F3:0B:BB:$                                8D:EF:9D:CA:02:20:6C:FB:5E:C5:A7:4D:E7:9E:C4:7E:$                                B8:7E:00:4C:4D:E2:6E:BD:DE:63:B5:08:BC:32:32:A3:$                                2D:FD:67:F4:72:BF$                Signed Certificate Timestamp:$                    Version   : v1(0)$                    Log ID    : 7A:32:8C:54:D8:B7:2D:B6:20:EA:38:E0:52:1E:E9:84:$                                16:70:32:13:85:4D:3B:D2:2B:C1:3A:57:A3:52:EB:52$                    Timestamp : Sep 12 14:16:25.030 2022 GMT$                    Extensions: none$                    Signature : ecdsa-with-SHA256$                                30:45:02:21:00:8B:E9:22:05:C6:4D:1E:8E:C2:DE:F1:$                                DB:5C:14:D1:75:BF:51:9F:EA:39:D4:CD:03:17:20:50:$                                2C:B5:F5:5F:AE:02:20:6D:5B:67:B2:B3:99:E7:FF:0A:$                                7F:F3:7C:0F:69:70:4B:17:F4:D4:9E:62:EF:1F:56:3E:$                                64:00:9A:FC:2D:83:7C$                Signed Certificate Timestamp:$                    Version   : v1(0)$                    Log ID    : E8:3E:D0:DA:3E:F5:06:35:32:E7:57:28:BC:89:6B:C9:$                                03:D3:CB:D1:11:6B:EC:EB:69:E1:77:7D:6D:06:BD:6E$                    Timestamp : Sep 12 14:16:24.976 2022 GMT$                    Extensions: none$                    Signature : ecdsa-with-SHA256$                                30:45:02:21:00:A1:8C:43:4C:B2:B8:C2:0E:C5:63:33:$                                83:31:6C:6F:09:90:34:FB:0A:F1:7C:71:54:17:E0:FA:$                                1D:23:06:2A:41:02:20:5E:46:42:50:3A:42:16:30:72:$                                17:ED:46:27:82:FF:A1:DE:A4:6B:44:46:4C:1D:6F:A4:$                                59:54:C8:1E:AB:40:B8$    Signature Algorithm: sha256WithRSAEncryption$         8a:a5:c7:f1:b8:0b:2a:08:de:c2:15:5c:1e:31:1e:02:cd:aa:$         11:78:05:b6:bf:e1:ae:73:af:52:09:14:dc:87:66:6a:66:a3:$         c5:bb:62:41:f3:85:4c:ac:8a:2c:eb:a8:01:66:22:07:c1:3e:$         48:74:f4:04:6d:70:41:30:a8:ec:1b:a3:d4:dc:27:cd:1d:ba:$         80:55:a2:28:2f:ea:1f:15:c3:9d:81:d4:68:3d:b4:e3:ba:19:$         a6:f3:51:1b:22:b5:6e:8d:34:dd:bf:72:8d:62:98:18:d0:10:$         c0:9b:69:33:2c:27:36:3e:3a:2b:3f:c5:b5:fd:49:a4:91:ae:$         c5:86:f7:27:69:60:70:42:5f:1b:e1:ad:7f:60:1c:33:5c:bb:$         77:40:51:75:86:b0:ab:32:f6:51:60:12:41:8b:ce:ea:39:61:$         6d:93:1f:9b:58:42:bd:cd:ff:12:b8:92:60:b6:9c:0d:8c:fb:$         f6:37:aa:63:e7:83:1b:86:19:76:44:01:9e:e4:66:1e:ad:00:$         98:90:37:94:6e:ad:82:e5:5e:3b:d0:a0:d0:09:fa:5f:b4:4a:$         1b:07:ab:59:32:e9:5e:a1:9f:60:51:54:c5:70:0c:d3:78:4f:$         0b:f2:41:7a:74:7d:0b:5d:5b:a7:f3:6f:ff:79:dc:5c:89:f6:$         d3:e0:65:a2$
10/06/2022 11:40:22 [853] setup tunnel failed

10/06/2022 11:40:22 [853] kill_child:860
10/06/2022 11:40:22 [853] tunnel start failed
10/06/2022 11:40:22 [853] rcv cmd:1 at state[0]
10/06/2022 11:40:22 [853] rcv cmd:2 at state[0]
10/06/2022 11:40:22 [864] begin cleanup linux...
10/06/2022 11:40:22 [864] clean up route...
10/06/2022 11:40:22 [864] truncate pppd.log
10/06/2022 11:40:22 [864] truncate forticlientsslvpn.log
10/06/2022 11:40:22 [860] waitpid 864: No child processes
10/06/2022 11:40:22 [860] FortiClient SSLVPN[4.0.2328] stopped
10/06/2022 11:40:36 [1179] set the loglevel to 1
10/06/2022 11:40:36 [1116] set the loglevel to 1
10/06/2022 11:40:36 [1179] sslvpn connection version:4.0.2328
10/06/2022 11:40:36 [1179] rcv cmd:0 at state[0]
10/06/2022 11:40:36 [1179] starting ssl vpn tunnel[4.0.2328]
10/06/2022 11:40:36 [1181] route backup START
10/06/2022 11:40:36 [1181] route backup DONE
10/06/2022 11:40:36 [1182] execl /home/jcarlis/VPN/./forticlientsslvpn/64bit/helper/get_fortisslvpn_info /home/jcarlis/VPN/./forticlientsslvpn/64bit/helper vpn1.ad-cap.com.ar 11443   ...
10/06/2022 11:40:36 [1182] trusted CA dir: /home/jcarlis/.fctsslvpn_trustca
10/06/2022 11:40:36 [1182] set loglevel to 1
10/06/2022 11:40:36 [1182] Peer's certificate is not valid. action is 1
10/06/2022 11:40:36 [1182] peer's certificate: 
Certificate:$    Data:$        Version: 3 (0x2)$        Serial Number:$            3e:a1:dd:5e:fc:5f:21:70:fa:11:99:41:cc:fb:37:4f$    Signature Algorithm: sha256WithRSAEncryption$        Issuer: C=GB, ST=Greater Manchester, L=Salford, O=Sectigo Limited, CN=Sectigo RSA Domain Validation Secure Server CA$        Validity$            Not Before: Sep 12 00:00:00 2022 GMT$            Not After : Aug 26 23:59:59 2023 GMT$        Subject: CN=*.ad-cap.com.ar$        Subject Public Key Info:$            Public Key Algorithm: rsaEncryption$                Public-Key: (2048 bit)$                Modulus:$                    00:ee:53:26:e7:3b:01:00:3f:09:6d:31:c8:ba:42:$                    5e:e0:45:cd:cd:89:5a:7b:3d:9b:b0:06:3c:8c:c8:$                    09:90:e8:03:da:6b:35:f6:8a:4c:55:09:fa:cb:a2:$                    85:d3:9c:a5:f8:9e:1b:7f:70:26:13:64:18:67:06:$                    72:fe:4d:bf:80:e6:02:20:a2:17:bc:8f:45:9b:28:$                    6b:40:af:53:51:c6:d9:16:6e:86:fe:f7:1c:fc:39:$                    32:af:3f:40:dc:d8:23:2a:4f:53:f8:61:33:29:dc:$                    0e:a7:06:8f:28:10:ca:98:d5:ba:c7:dd:39:13:b4:$                    35:9e:6c:9a:ea:ab:2b:05:22:a3:d7:6b:d4:76:74:$                    7d:24:2e:ba:99:9d:53:4a:22:ee:e3:83:01:b7:5c:$                    5e:7c:47:94:98:40:e3:33:cc:99:83:a1:76:7c:59:$                    1f:e5:8d:3c:a8:33:1c:05:31:9b:91:84:82:62:3d:$                    d2:e5:46:cc:6a:84:8d:b2:94:15:82:13:68:68:ca:$                    72:fe:e4:de:ef:30:5c:ba:3a:81:c3:0a:06:da:9d:$                    05:b9:18:29:c7:23:b0:18:73:70:a1:5b:73:79:bd:$                    26:54:d1:c9:ee:92:70:8e:5e:17:11:93:7c:60:03:$                    cf:98:ec:69:4f:05:8b:64:25:e5:96:b7:93:48:a1:$                    e4:63$                Exponent: 65537 (0x10001)$        X509v3 extensions:$            X509v3 Authority Key Identifier: $                keyid:8D:8C:5E:C4:54:AD:8A:E1:77:E9:9B:F9:9B:05:E1:B8:01:8D:61:E1$$            X509v3 Subject Key Identifier: $                1B:6B:B9:92:5A:10:25:6A:35:D5:24:68:13:20:6F:E5:0F:0D:C5:19$            X509v3 Key Usage: critical$                Digital Signature, Key Encipherment$            X509v3 Basic Constraints: critical$                CA:FALSE$            X509v3 Extended Key Usage: $                TLS Web Server Authentication, TLS Web Client Authentication$            X509v3 Certificate Policies: $                Policy: 1.3.6.1.4.1.6449.1.2.2.7$                  CPS: https://sectigo.com/CPS$                Policy: 2.23.140.1.2.1$$            Authority Information Access: $                CA Issuers - URI:http://crt.sectigo.com/SectigoRSADomainValidationSecureServerCA.crt$                OCSP - URI:http://ocsp.sectigo.com$$            X509v3 Subject Alternative Name: $                DNS:*.ad-cap.com.ar, DNS:ad-cap.com.ar$            CT Precertificate SCTs: $                Signed Certificate Timestamp:$                    Version   : v1(0)$                    Log ID    : AD:F7:BE:FA:7C:FF:10:C8:8B:9D:3D:9C:1E:3E:18:6A:$                                B4:67:29:5D:CF:B1:0C:24:CA:85:86:34:EB:DC:82:8A$                    Timestamp : Sep 12 14:16:25.082 2022 GMT$                    Extensions: none$                    Signature : ecdsa-with-SHA256$                                30:44:02:20:67:90:8F:AD:2D:DF:78:C9:64:24:60:5D:$                                D7:15:70:B8:93:51:78:E2:F3:60:EF:08:93:F3:0B:BB:$                                8D:EF:9D:CA:02:20:6C:FB:5E:C5:A7:4D:E7:9E:C4:7E:$                                B8:7E:00:4C:4D:E2:6E:BD:DE:63:B5:08:BC:32:32:A3:$                                2D:FD:67:F4:72:BF$                Signed Certificate Timestamp:$                    Version   : v1(0)$                    Log ID    : 7A:32:8C:54:D8:B7:2D:B6:20:EA:38:E0:52:1E:E9:84:$                                16:70:32:13:85:4D:3B:D2:2B:C1:3A:57:A3:52:EB:52$                    Timestamp : Sep 12 14:16:25.030 2022 GMT$                    Extensions: none$                    Signature : ecdsa-with-SHA256$                                30:45:02:21:00:8B:E9:22:05:C6:4D:1E:8E:C2:DE:F1:$                                DB:5C:14:D1:75:BF:51:9F:EA:39:D4:CD:03:17:20:50:$                                2C:B5:F5:5F:AE:02:20:6D:5B:67:B2:B3:99:E7:FF:0A:$                                7F:F3:7C:0F:69:70:4B:17:F4:D4:9E:62:EF:1F:56:3E:$                                64:00:9A:FC:2D:83:7C$                Signed Certificate Timestamp:$                    Version   : v1(0)$                    Log ID    : E8:3E:D0:DA:3E:F5:06:35:32:E7:57:28:BC:89:6B:C9:$                                03:D3:CB:D1:11:6B:EC:EB:69:E1:77:7D:6D:06:BD:6E$                    Timestamp : Sep 12 14:16:24.976 2022 GMT$                    Extensions: none$                    Signature : ecdsa-with-SHA256$                                30:45:02:21:00:A1:8C:43:4C:B2:B8:C2:0E:C5:63:33:$                                83:31:6C:6F:09:90:34:FB:0A:F1:7C:71:54:17:E0:FA:$                                1D:23:06:2A:41:02:20:5E:46:42:50:3A:42:16:30:72:$                                17:ED:46:27:82:FF:A1:DE:A4:6B:44:46:4C:1D:6F:A4:$                                59:54:C8:1E:AB:40:B8$    Signature Algorithm: sha256WithRSAEncryption$         8a:a5:c7:f1:b8:0b:2a:08:de:c2:15:5c:1e:31:1e:02:cd:aa:$         11:78:05:b6:bf:e1:ae:73:af:52:09:14:dc:87:66:6a:66:a3:$         c5:bb:62:41:f3:85:4c:ac:8a:2c:eb:a8:01:66:22:07:c1:3e:$         48:74:f4:04:6d:70:41:30:a8:ec:1b:a3:d4:dc:27:cd:1d:ba:$         80:55:a2:28:2f:ea:1f:15:c3:9d:81:d4:68:3d:b4:e3:ba:19:$         a6:f3:51:1b:22:b5:6e:8d:34:dd:bf:72:8d:62:98:18:d0:10:$         c0:9b:69:33:2c:27:36:3e:3a:2b:3f:c5:b5:fd:49:a4:91:ae:$         c5:86:f7:27:69:60:70:42:5f:1b:e1:ad:7f:60:1c:33:5c:bb:$         77:40:51:75:86:b0:ab:32:f6:51:60:12:41:8b:ce:ea:39:61:$         6d:93:1f:9b:58:42:bd:cd:ff:12:b8:92:60:b6:9c:0d:8c:fb:$         f6:37:aa:63:e7:83:1b:86:19:76:44:01:9e:e4:66:1e:ad:00:$         98:90:37:94:6e:ad:82:e5:5e:3b:d0:a0:d0:09:fa:5f:b4:4a:$         1b:07:ab:59:32:e9:5e:a1:9f:60:51:54:c5:70:0c:d3:78:4f:$         0b:f2:41:7a:74:7d:0b:5d:5b:a7:f3:6f:ff:79:dc:5c:89:f6:$         d3:e0:65:a2$
10/06/2022 11:40:37 [1182] realm is enabled: 
10/06/2022 11:40:37 [1182] no Content-Length
10/06/2022 11:40:37 [1182] try to get cookie for the first time: 98 :  SVPNNETWORKCOOKIE=; path=/remote/network; expires=Sun, 11 Mar 1984 12:00:00 GMT; secure; httponly
10/06/2022 11:40:37 [1182] no Content-Length
10/06/2022 11:40:37 [1182] cookie: SVPNCOOKIE=y1f1Ht1yFFnXYTul3/25D9Qd0BGNKFAxSPchkFtWUaduhGyKpzxvY2Uk0eyIZBUtlhZyizh2ZxglW7e0oEbiRCXvPEJ5lAhx0Beefnkb5jQpsblZS+P92pW6KeIq4eMWlk8nBRTitvXKxZeYeHE+PDjFOXVPyEUuObqsrK9BorbO+6zLpNM4JWC/+cn3GrcSOJRih6PusyosDdcFYf4VP02AVT7NBtHNeeFaP6bHgTp1RrzHW7q0W3NkHrfo/K3l3QOvT7Rc4XXUKntbf4rPjG0dfkgeAQwjJWVeW+gxf/vvf9txZhAxuszE0c0tnZC5FrMpiyTnI7c=
10/06/2022 11:40:37 [1182] no Content-Length
10/06/2022 11:40:38 [1182] no Content-Length
10/06/2022 11:40:38 [1182] 0|"|0óX10/06/2022 23:27:18 [734] select: Interrupted system call
10/06/2022 23:27:18 [734] select: Interrupted system call
10/06/2022 23:27:18 [734] rcv cmd:1 at state[0]
10/06/2022 23:27:18 [734] rcv cmd:2 at state[0]
10/07/2022 09:21:49 [23361] set the loglevel to 1
10/07/2022 09:21:49 [23424] set the loglevel to 1
10/07/2022 09:21:49 [23424] sslvpn connection version:4.0.2328
10/07/2022 09:21:49 [23424] rcv cmd:0 at state[0]
10/07/2022 09:21:49 [23424] starting ssl vpn tunnel[4.0.2328]
10/07/2022 09:21:49 [23426] route backup START
10/07/2022 09:21:49 [23426] route backup DONE
10/07/2022 09:21:49 [23427] execl /home/jcarlis/VPN/./forticlientsslvpn/64bit/helper/get_fortisslvpn_info /home/jcarlis/VPN/./forticlientsslvpn/64bit/helper vpn1.ad-cap.com.ar 11443   ...
10/07/2022 09:21:49 [23427] trusted CA dir: /home/jcarlis/.fctsslvpn_trustca
10/07/2022 09:21:49 [23427] set loglevel to 1
10/07/2022 09:21:49 [23427] Peer's certificate is not valid. action is 1
10/07/2022 09:21:49 [23427] peer's certificate: 
Certificate:$    Data:$        Version: 3 (0x2)$        Serial Number:$            3e:a1:dd:5e:fc:5f:21:70:fa:11:99:41:cc:fb:37:4f$    Signature Algorithm: sha256WithRSAEncryption$        Issuer: C=GB, ST=Greater Manchester, L=Salford, O=Sectigo Limited, CN=Sectigo RSA Domain Validation Secure Server CA$        Validity$            Not Before: Sep 12 00:00:00 2022 GMT$            Not After : Aug 26 23:59:59 2023 GMT$        Subject: CN=*.ad-cap.com.ar$        Subject Public Key Info:$            Public Key Algorithm: rsaEncryption$                Public-Key: (2048 bit)$                Modulus:$                    00:ee:53:26:e7:3b:01:00:3f:09:6d:31:c8:ba:42:$                    5e:e0:45:cd:cd:89:5a:7b:3d:9b:b0:06:3c:8c:c8:$                    09:90:e8:03:da:6b:35:f6:8a:4c:55:09:fa:cb:a2:$                    85:d3:9c:a5:f8:9e:1b:7f:70:26:13:64:18:67:06:$                    72:fe:4d:bf:80:e6:02:20:a2:17:bc:8f:45:9b:28:$                    6b:40:af:53:51:c6:d9:16:6e:86:fe:f7:1c:fc:39:$                    32:af:3f:40:dc:d8:23:2a:4f:53:f8:61:33:29:dc:$                    0e:a7:06:8f:28:10:ca:98:d5:ba:c7:dd:39:13:b4:$                    35:9e:6c:9a:ea:ab:2b:05:22:a3:d7:6b:d4:76:74:$                    7d:24:2e:ba:99:9d:53:4a:22:ee:e3:83:01:b7:5c:$                    5e:7c:47:94:98:40:e3:33:cc:99:83:a1:76:7c:59:$                    1f:e5:8d:3c:a8:33:1c:05:31:9b:91:84:82:62:3d:$                    d2:e5:46:cc:6a:84:8d:b2:94:15:82:13:68:68:ca:$                    72:fe:e4:de:ef:30:5c:ba:3a:81:c3:0a:06:da:9d:$                    05:b9:18:29:c7:23:b0:18:73:70:a1:5b:73:79:bd:$                    26:54:d1:c9:ee:92:70:8e:5e:17:11:93:7c:60:03:$                    cf:98:ec:69:4f:05:8b:64:25:e5:96:b7:93:48:a1:$                    e4:63$                Exponent: 65537 (0x10001)$        X509v3 extensions:$            X509v3 Authority Key Identifier: $                keyid:8D:8C:5E:C4:54:AD:8A:E1:77:E9:9B:F9:9B:05:E1:B8:01:8D:61:E1$$            X509v3 Subject Key Identifier: $                1B:6B:B9:92:5A:10:25:6A:35:D5:24:68:13:20:6F:E5:0F:0D:C5:19$            X509v3 Key Usage: critical$                Digital Signature, Key Encipherment$            X509v3 Basic Constraints: critical$                CA:FALSE$            X509v3 Extended Key Usage: $                TLS Web Server Authentication, TLS Web Client Authentication$            X509v3 Certificate Policies: $                Policy: 1.3.6.1.4.1.6449.1.2.2.7$                  CPS: https://sectigo.com/CPS$                Policy: 2.23.140.1.2.1$$            Authority Information Access: $                CA Issuers - URI:http://crt.sectigo.com/SectigoRSADomainValidationSecureServerCA.crt$                OCSP - URI:http://ocsp.sectigo.com$$            X509v3 Subject Alternative Name: $                DNS:*.ad-cap.com.ar, DNS:ad-cap.com.ar$            CT Precertificate SCTs: $                Signed Certificate Timestamp:$                    Version   : v1(0)$                    Log ID    : AD:F7:BE:FA:7C:FF:10:C8:8B:9D:3D:9C:1E:3E:18:6A:$                                B4:67:29:5D:CF:B1:0C:24:CA:85:86:34:EB:DC:82:8A$                    Timestamp : Sep 12 14:16:25.082 2022 GMT$                    Extensions: none$                    Signature : ecdsa-with-SHA256$                                30:44:02:20:67:90:8F:AD:2D:DF:78:C9:64:24:60:5D:$                                D7:15:70:B8:93:51:78:E2:F3:60:EF:08:93:F3:0B:BB:$                                8D:EF:9D:CA:02:20:6C:FB:5E:C5:A7:4D:E7:9E:C4:7E:$                                B8:7E:00:4C:4D:E2:6E:BD:DE:63:B5:08:BC:32:32:A3:$                                2D:FD:67:F4:72:BF$                Signed Certificate Timestamp:$                    Version   : v1(0)$                    Log ID    : 7A:32:8C:54:D8:B7:2D:B6:20:EA:38:E0:52:1E:E9:84:$                                16:70:32:13:85:4D:3B:D2:2B:C1:3A:57:A3:52:EB:52$                    Timestamp : Sep 12 14:16:25.030 2022 GMT$                    Extensions: none$                    Signature : ecdsa-with-SHA256$                                30:45:02:21:00:8B:E9:22:05:C6:4D:1E:8E:C2:DE:F1:$                                DB:5C:14:D1:75:BF:51:9F:EA:39:D4:CD:03:17:20:50:$                                2C:B5:F5:5F:AE:02:20:6D:5B:67:B2:B3:99:E7:FF:0A:$                                7F:F3:7C:0F:69:70:4B:17:F4:D4:9E:62:EF:1F:56:3E:$                                64:00:9A:FC:2D:83:7C$                Signed Certificate Timestamp:$                    Version   : v1(0)$                    Log ID    : E8:3E:D0:DA:3E:F5:06:35:32:E7:57:28:BC:89:6B:C9:$                                03:D3:CB:D1:11:6B:EC:EB:69:E1:77:7D:6D:06:BD:6E$                    Timestamp : Sep 12 14:16:24.976 2022 GMT$                    Extensions: none$                    Signature : ecdsa-with-SHA256$                                30:45:02:21:00:A1:8C:43:4C:B2:B8:C2:0E:C5:63:33:$                                83:31:6C:6F:09:90:34:FB:0A:F1:7C:71:54:17:E0:FA:$                                1D:23:06:2A:41:02:20:5E:46:42:50:3A:42:16:30:72:$                                17:ED:46:27:82:FF:A1:DE:A4:6B:44:46:4C:1D:6F:A4:$                                59:54:C8:1E:AB:40:B8$    Signature Algorithm: sha256WithRSAEncryption$         8a:a5:c7:f1:b8:0b:2a:08:de:c2:15:5c:1e:31:1e:02:cd:aa:$         11:78:05:b6:bf:e1:ae:73:af:52:09:14:dc:87:66:6a:66:a3:$         c5:bb:62:41:f3:85:4c:ac:8a:2c:eb:a8:01:66:22:07:c1:3e:$         48:74:f4:04:6d:70:41:30:a8:ec:1b:a3:d4:dc:27:cd:1d:ba:$         80:55:a2:28:2f:ea:1f:15:c3:9d:81:d4:68:3d:b4:e3:ba:19:$         a6:f3:51:1b:22:b5:6e:8d:34:dd:bf:72:8d:62:98:18:d0:10:$         c0:9b:69:33:2c:27:36:3e:3a:2b:3f:c5:b5:fd:49:a4:91:ae:$         c5:86:f7:27:69:60:70:42:5f:1b:e1:ad:7f:60:1c:33:5c:bb:$         77:40:51:75:86:b0:ab:32:f6:51:60:12:41:8b:ce:ea:39:61:$         6d:93:1f:9b:58:42:bd:cd:ff:12:b8:92:60:b6:9c:0d:8c:fb:$         f6:37:aa:63:e7:83:1b:86:19:76:44:01:9e:e4:66:1e:ad:00:$         98:90:37:94:6e:ad:82:e5:5e:3b:d0:a0:d0:09:fa:5f:b4:4a:$         1b:07:ab:59:32:e9:5e:a1:9f:60:51:54:c5:70:0c:d3:78:4f:$         0b:f2:41:7a:74:7d:0b:5d:5b:a7:f3:6f:ff:79:dc:5c:89:f6:$         d3:e0:65:a2$
10/07/2022 09:21:50 [23427] realm is enabled: 
10/07/2022 09:21:50 [23427] no Content-Length
10/07/2022 09:21:50 [23427] try to get cookie for the first time: 98 :  SVPNNETWORKCOOKIE=; path=/remote/network; expires=Sun, 11 Mar 1984 12:00:00 GMT; secure; httponly
10/07/2022 09:21:50 [23427] no Content-Length
10/07/2022 09:21:50 [23427] cookie: SVPNCOOKIE=p12+5KgRtLn5CTjpOu8G5FxYO/CfxNrwrNd6OcAbrcqrnGt/ulFwvevjwt1+tef4SFrGoPij7ucfl8h6oRKe7vxPwknr64S9dRYKDbIl4q72UNgTRXZWx1YPX9UIyNVBFBaCSJSp58PCcncNJfThhAmN8hm8LMwLGm2odSzEaLJU1fl7vky4eSTRV/knl5jqLUkyfkBjB2vHE6whQSYim9C2WKOQiOI+7XTXuvJcrdPJwGcqF+Iff8SrxcVx3bOhYnVCyGNjCnZ9/AYxQmQqcvnd9VSvqt1pOIHQ1tXfeNFIrs6tpujdgLimU5JyUN1y31ijPgQ=
10/07/2022 09:21:50 [23427] no Content-Length
10/07/2022 09:21:51 [23427] no Content-Length
10/07/2022 09:21:51 [23427] 0|"|@ô5ý|1||p12+5KgRtLn5CTjpOu8G5FxYO/CfxNrwrNd6OcAbrcqrnGt/ulFwvevjwt1+tef4SFrGoPij7ucfl8h6oRKe7vxPwknr64S9dRYKDbIl4q72UNgTRXZWx1YPX9UIyNVBFBaCSJSp58PCcncNJfThhAmN8hm8LMwLGm2odSzEaLJU1fl7vky4eSTRV/knl5jqLUkyfkBjB2vHE6whQSYim9C2WKOQiOI+7XTXuvJcrdPJwGcqF+Iff8SrxcVx3bOhYnVCyGNjCnZ9/AYxQmQqcvnd9VSvqt1pOIHQ1tXfeNFIrs6tpujdgLimU5JyUN1y31ijPgQ=|0
10/07/2022 09:21:51 [23424] ssl vpn tunnel started
10/07/2022 09:21:51 [23424] rcv cmd:0 at state[1]
10/07/2022 09:21:51 [23429] server="[vpn1.ad-cap.com.ar] port=@ô5ý[11443] version=1 tunnel= cookie=p12+5KgRtLn5CTjpOu8G5FxYO/CfxNrwrNd6OcAbrcqrnGt/ulFwvevjwt1+tef4SFrGoPij7ucfl8h6oRKe7vxPwknr64S9dRYKDbIl4q72UNgTRXZWx1YPX9UIyNVBFBaCSJSp58PCcncNJfThhAmN8hm8LMwLGm2odSzEaLJU1fl7vky4eSTRV/knl5jqLUkyfkBjB2vHE6whQSYim9C2WKOQiOI+7XTXuvJcrdPJwGcqF+Iff8SrxcVx3bOhYnVCyGNjCnZ9/AYxQmQqcvnd9VSvqt1pOIHQ1tXfeNFIrs6tpujdgLimU5JyUN1y31ijPgQ= exclusive routing: 0

10/07/2022 09:21:51 [23429] starting pppd
10/07/2022 09:21:51 [23429] use tty:/dev/pts/6
10/07/2022 09:21:51 [23429] connecting to vpn1.ad-cap.com.ar:11443
10/07/2022 09:21:51 [23429] [xml config]: GET /remote/fortisslvpn_xml ... (received 1060 bytes): 
HTTP/1.1 200 OK
Date: Fri, 07 Oct 2022 12:21:52 GMT
Server: xxxxxxxx-xxxxx
Transfer-Encoding: chunked
Content-Type: text/xml
X-Frame-Options: SAMEORIGIN
Content-Security-Policy: frame-ancestors 'self'; object-src 'self'; script-src 'self' https   'unsafe-eval' 'unsafe-inline' blob:;
X-XSS-Protection: 1; mode=block
X-Content-Type-Options: nosniff
Strict-Transport-Security: max-age=31536000

<?xml version='1.0' encoding='utf-8'?><sslvpn-tunnel ver='2' dtls='1' patch='1'><dtls-config heartbeat-interval='10' heartbeat-fail-count='10' heartbeat-idle-timeout='10' client-hello-timeout='10' /><tunnel-method value='ppp' /><tunnel-method value='tun' /><auth-ses check-src-ip='1' tun-connect-without-reauth='0' tun-user-ses-timeout='30' /><client-config save-password='off' keep-alive='off' auto-connect='off' /><ipv4><dns domain='advanced.local' /><dns ip='10.58.3.16' /><dns ip='8.8.8.8' /><wins ip='10.58.3.16' /><wins ip='8.8.8.8' /><assigned-addr ipv4='10.212.130.51' /></ipv4><idle-timeout val='600' /><auth-timeout val='28800' /></sslvpn-tunnel>
----

10/07/2022 09:21:51 [23429] Got local address from ppp, interface will be  up
10/07/2022 09:21:54 [23429] ppp interface is up
10/07/2022 09:21:54 [23429] run_scutil 190.210.20.161 0 0...
Generating pppd.resolv.conf...Done
10/07/2022 09:21:55 [23583] begin sysconfig linux
10/07/2022 09:21:55 [23583] delete route 1.1.1.1
10/07/2022 09:21:55 [23583] Add the route for 190.210.20.161(172.27.240.1)
10/07/2022 09:21:55 [23583] router add default gw 10.212.130.51
10/07/2022 10:49:52 [23427] system might be waken up from sleep
10/07/2022 10:49:52 [23424] session timer terminated
10/07/2022 10:49:52 [23424] session is killed, killing tunnel
10/07/2022 10:49:52 [23424] kill_child:23429
10/07/2022 10:49:52 [23429] killing pppd ...
10/07/2022 10:49:52 [23429] kill_child:23431
10/07/2022 10:49:52 [23429] kill_child:23583
10/07/2022 10:49:52 [28355] begin cleanup linux...
10/07/2022 10:49:52 [28355] restore /etc/resolv.conf
10/07/2022 10:49:52 [28355] clean up route...
10/07/2022 10:49:52 [28355] truncate pppd.log
10/07/2022 10:49:52 [28355] truncate forticlientsslvpn.log
10/07/2022 10:49:52 [23424] select: Interrupted system call
10/07/2022 10:49:52 [23424] rcv cmd:1 at state[0]
10/07/2022 10:49:52 [23424] rcv cmd:2 at state[0]
